Arguments: 
  /Users/nakz/.nvm/versions/node/v16.4.2/bin/node /Users/nakz/.nvm/versions/node/v16.4.2/bin/yarn add -D @types/class-names

PATH: 
  /Users/nakz/.nvm/versions/node/v16.4.2/bin:/Users/nakz/.pyenv/shims:/Users/nakz/.pyenv/shims:/Users/nakz/.pyenv/shims:/Users/nakz/.pyenv/shims:/Users/nakz/.pyenv/shims:/Users/nakz/.pyenv/shims:/Users/nakz/.pyenv/shims:/Users/nakz/.pyenv/shims:/Users/nakz/.pyenv/shims:/Users/nakz/.pyenv/shims:/Users/nakz/.pyenv/shims:/Users/nakz/.pyenv/shims:/Users/nakz/.pyenv/shims:/Users/nakz/.pyenv/shims:/Users/nakz/.pyenv/shims:/Users/nakz/.pyenv/shims:/Users/nakz/.pyenv/shims:/Users/nakz/.pyenv/shims:/Users/nakz/.pyenv/shims:/Users/nakz/.pyenv/shims:/Users/nakz/.pyenv/shims:/Users/nakz/.pyenv/shims:/Users/nakz/.pyenv/shims:/Users/nakz/.pyenv/shims:/Users/nakz/.pyenv/shims:/Users/nakz/.pyenv/shims:/Users/nakz/.pyenv/shims:/Users/nakz/.pyenv/shims:/Users/nakz/.pyenv/shims:/Users/nakz/.pyenv/shims:/Users/nakz/.pyenv/shims:/Users/nakz/.pyenv/shims:/Users/nakz/.pyenv/shims:/Users/nakz/.pyenv/shims:/Users/nakz/.pyenv/shims:/Users/nakz/.pyenv/shims:/Users/nakz/.pyenv/shims:/Users/nakz/.pyenv/shims:/Users/nakz/.pyenv/shims:/opt/homebrew/bin:/opt/homebrew/sbin:/usr/local/bin:/usr/bin:/bin:/usr/sbin:/sbin:/Users/nakz/.pyenv/bin:/Users/nakz/.nvm/versions/node/v16.4.2/bin:/Users/nakz/.pyenv/shims:/opt/homebrew/bin:/opt/homebrew/sbin

Yarn version: 
  1.22.10

Node version: 
  16.4.2

Platform: 
  darwin arm64

Trace: 
  Error: https://registry.yarnpkg.com/@types%2fclass-names: Not found
      at Request.params.callback [as _callback] (/Users/nakz/.nvm/versions/node/v16.4.2/lib/node_modules/yarn/lib/cli.js:66988:18)
      at Request.self.callback (/Users/nakz/.nvm/versions/node/v16.4.2/lib/node_modules/yarn/lib/cli.js:140662:22)
      at Request.emit (node:events:394:28)
      at Request.<anonymous> (/Users/nakz/.nvm/versions/node/v16.4.2/lib/node_modules/yarn/lib/cli.js:141634:10)
      at Request.emit (node:events:394:28)
      at IncomingMessage.<anonymous> (/Users/nakz/.nvm/versions/node/v16.4.2/lib/node_modules/yarn/lib/cli.js:141556:12)
      at Object.onceWrapper (node:events:513:28)
      at IncomingMessage.emit (node:events:406:35)
      at endReadableNT (node:internal/streams/readable:1329:12)
      at processTicksAndRejections (node:internal/process/task_queues:83:21)

npm manifest: 
  {
    "dependencies": {
      "class-names": "^1.0.0"
    }
  }

yarn manifest: 
  No manifest

Lockfile: 
  # THIS IS AN AUTOGENERATED FILE. DO NOT EDIT THIS FILE DIRECTLY.
  # yarn lockfile v1
  
  
  class-names@^1.0.0:
    version "1.0.0"
    resolved "https://registry.yarnpkg.com/class-names/-/class-names-1.0.0.tgz#8646070361d87a83f643261047ed22834e646945"
    integrity sha1-hkYHA2HYeoP2QyYQR+0ig05kaUU=
    dependencies:
      classnames "^2.2.5"
  
  classnames@^2.2.5:
    version "2.3.1"
    resolved "https://registry.yarnpkg.com/classnames/-/classnames-2.3.1.tgz#dfcfa3891e306ec1dad105d0e88f4417b8535e8e"
    integrity sha512-OlQdbZ7gLfGarSqxesMesDa5uz7KFbID8Kpq/SxIoNGDqY8lSYs0D+hhtBXhcdB3rcbXArFr7vlHheLk1voeNA==
